<?xml version="1.0" encoding="UTF-8"?>
<testng-results skipped="0" failed="1" ignored="0" total="16" passed="15">
  <reporter-output>
  </reporter-output>
  <suite name="Default suite" duration-ms="19458" started-at="2018-08-03T18:44:24Z" finished-at="2018-08-03T18:44:44Z">
    <groups>
    </groups>
    <test name="Default test" duration-ms="19458" started-at="2018-08-03T18:44:24Z" finished-at="2018-08-03T18:44:44Z">
      <class name="tests.LoginTest">
        <test-method status="PASS" signature="setUp()[pri:0, instance:tests.LoginTest@6767c1fc]" name="setUp" is-config="true" duration-ms="4194" started-at="2018-08-03T18:44:20Z" finished-at="2018-08-03T18:44:24Z">
          <reporter-output>
          </reporter-output>
        </test-method> <!-- setUp -->
        <test-method status="PASS" signature="LoginPage1()[pri:0, instance:tests.LoginTest@6767c1fc]" name="LoginPage1" duration-ms="2695" started-at="2018-08-03T18:44:24Z" finished-at="2018-08-03T18:44:27Z">
          <reporter-output>
          </reporter-output>
        </test-method> <!-- LoginPage1 -->
        <test-method status="PASS" signature="LoginPage2()[pri:1, instance:tests.LoginTest@6767c1fc]" name="LoginPage2" duration-ms="866" started-at="2018-08-03T18:44:27Z" finished-at="2018-08-03T18:44:28Z">
          <reporter-output>
          </reporter-output>
        </test-method> <!-- LoginPage2 -->
        <test-method status="PASS" signature="LoginPage3()[pri:2, instance:tests.LoginTest@6767c1fc]" name="LoginPage3" duration-ms="796" started-at="2018-08-03T18:44:28Z" finished-at="2018-08-03T18:44:29Z">
          <reporter-output>
          </reporter-output>
        </test-method> <!-- LoginPage3 -->
        <test-method status="FAIL" signature="LoginPage4()[pri:3, instance:tests.LoginTest@6767c1fc]" name="LoginPage4" duration-ms="783" started-at="2018-08-03T18:44:29Z" finished-at="2018-08-03T18:44:30Z">
          <exception class="org.openqa.selenium.StaleElementReferenceException">
            <message>
              <![CDATA[stale element reference: element is not attached to the page document
  (Session info: chrome=67.0.3396.99)
  (Driver info: chromedriver=2.40.565498 (ea082db3280dd6843ebfb08a625e3eb905c4f5ab),platform=Windows NT 10.0.17134 x86_64) (WARNING: The server did not provide any stacktrace information)
Command duration or timeout: 0 milliseconds
For documentation on this error, please visit: http://seleniumhq.org/exceptions/stale_element_reference.html
Build info: version: '3.13.0', revision: '2f0d292', time: '2018-06-25T15:32:14.902Z'
System info: host: 'DESKTOP-PR7LDP3', ip: '192.168.23.6', os.name: 'Windows 10', os.arch: 'amd64', os.version: '10.0', java.version: '1.8.0_171'
Driver info: org.openqa.selenium.chrome.ChromeDriver
Capabilities {acceptInsecureCerts: false, acceptSslCerts: false, applicationCacheEnabled: false, browserConnectionEnabled: false, browserName: chrome, chrome: {chromedriverVersion: 2.40.565498 (ea082db3280dd6..., userDataDir: C:\Users\USER\AppData\Local...}, cssSelectorsEnabled: true, databaseEnabled: false, handlesAlerts: true, hasTouchScreen: false, javascriptEnabled: true, locationContextEnabled: true, mobileEmulationEnabled: false, nativeEvents: true, networkConnectionEnabled: false, pageLoadStrategy: normal, platform: XP, platformName: XP, rotatable: false, setWindowRect: true, takesHeapSnapshot: true, takesScreenshot: true, unexpectedAlertBehaviour: , unhandledPromptBehavior: , version: 67.0.3396.99, webStorageEnabled: true}
Session ID: f19b1e1054272d317db478234f11a456]]>
            </message>
            <full-stacktrace>
              <![CDATA[org.openqa.selenium.StaleElementReferenceException: stale element reference: element is not attached to the page document
  (Session info: chrome=67.0.3396.99)
  (Driver info: chromedriver=2.40.565498 (ea082db3280dd6843ebfb08a625e3eb905c4f5ab),platform=Windows NT 10.0.17134 x86_64) (WARNING: The server did not provide any stacktrace information)
Command duration or timeout: 0 milliseconds
For documentation on this error, please visit: http://seleniumhq.org/exceptions/stale_element_reference.html
Build info: version: '3.13.0', revision: '2f0d292', time: '2018-06-25T15:32:14.902Z'
System info: host: 'DESKTOP-PR7LDP3', ip: '192.168.23.6', os.name: 'Windows 10', os.arch: 'amd64', os.version: '10.0', java.version: '1.8.0_171'
Driver info: org.openqa.selenium.chrome.ChromeDriver
Capabilities {acceptInsecureCerts: false, acceptSslCerts: false, applicationCacheEnabled: false, browserConnectionEnabled: false, browserName: chrome, chrome: {chromedriverVersion: 2.40.565498 (ea082db3280dd6..., userDataDir: C:\Users\USER\AppData\Local...}, cssSelectorsEnabled: true, databaseEnabled: false, handlesAlerts: true, hasTouchScreen: false, javascriptEnabled: true, locationContextEnabled: true, mobileEmulationEnabled: false, nativeEvents: true, networkConnectionEnabled: false, pageLoadStrategy: normal, platform: XP, platformName: XP, rotatable: false, setWindowRect: true, takesHeapSnapshot: true, takesScreenshot: true, unexpectedAlertBehaviour: , unhandledPromptBehavior: , version: 67.0.3396.99, webStorageEnabled: true}
Session ID: f19b1e1054272d317db478234f11a456
at sun.reflect.NativeConstructorAccessorImpl.newInstance0(Native Method)
at sun.reflect.NativeConstructorAccessorImpl.newInstance(Unknown Source)
at sun.reflect.DelegatingConstructorAccessorImpl.newInstance(Unknown Source)
at java.lang.reflect.Constructor.newInstance(Unknown Source)
at org.openqa.selenium.remote.ErrorHandler.createThrowable(ErrorHandler.java:214)
at org.openqa.selenium.remote.ErrorHandler.throwIfResponseFailed(ErrorHandler.java:166)
at org.openqa.selenium.remote.http.JsonHttpResponseCodec.reconstructValue(JsonHttpResponseCodec.java:40)
at org.openqa.selenium.remote.http.AbstractHttpResponseCodec.decode(AbstractHttpResponseCodec.java:80)
at org.openqa.selenium.remote.http.AbstractHttpResponseCodec.decode(AbstractHttpResponseCodec.java:44)
at org.openqa.selenium.remote.HttpCommandExecutor.execute(HttpCommandExecutor.java:158)
at org.openqa.selenium.remote.service.DriverCommandExecutor.execute(DriverCommandExecutor.java:83)
at org.openqa.selenium.remote.RemoteWebDriver.execute(RemoteWebDriver.java:548)
at org.openqa.selenium.remote.RemoteWebElement.execute(RemoteWebElement.java:276)
at org.openqa.selenium.remote.RemoteWebElement.isDisplayed(RemoteWebElement.java:317)
at sun.reflect.GeneratedMethodAccessor1.invoke(Unknown Source)
at sun.reflect.DelegatingMethodAccessorImpl.invoke(Unknown Source)
at java.lang.reflect.Method.invoke(Unknown Source)
at org.openqa.selenium.support.pagefactory.internal.LocatingElementHandler.invoke(LocatingElementHandler.java:51)
at com.sun.proxy.$Proxy9.isDisplayed(Unknown Source)
at org.openqa.selenium.support.ui.ExpectedConditions.elementIfVisible(ExpectedConditions.java:315)
at org.openqa.selenium.support.ui.ExpectedConditions.access$100(ExpectedConditions.java:44)
at org.openqa.selenium.support.ui.ExpectedConditions$10.apply(ExpectedConditions.java:301)
at org.openqa.selenium.support.ui.ExpectedConditions$10.apply(ExpectedConditions.java:298)
at org.openqa.selenium.support.ui.FluentWait.until(FluentWait.java:248)
at pages.Login.isPassErrorPresent(Login.java:69)
at tests.LoginTest.LoginPage4(LoginTest.java:81)
at sun.reflect.NativeMethodAccessorImpl.invoke0(Native Method)
at sun.reflect.NativeMethodAccessorImpl.invoke(Unknown Source)
at sun.reflect.DelegatingMethodAccessorImpl.invoke(Unknown Source)
at java.lang.reflect.Method.invoke(Unknown Source)
at org.testng.internal.MethodInvocationHelper.invokeMethod(MethodInvocationHelper.java:124)
at org.testng.internal.Invoker.invokeMethod(Invoker.java:580)
at org.testng.internal.Invoker.invokeTestMethod(Invoker.java:716)
at org.testng.internal.Invoker.invokeTestMethods(Invoker.java:988)
at org.testng.internal.TestMethodWorker.invokeTestMethods(TestMethodWorker.java:125)
at org.testng.internal.TestMethodWorker.run(TestMethodWorker.java:109)
at org.testng.TestRunner.privateRun(TestRunner.java:648)
at org.testng.TestRunner.run(TestRunner.java:505)
at org.testng.SuiteRunner.runTest(SuiteRunner.java:455)
at org.testng.SuiteRunner.runSequentially(SuiteRunner.java:450)
at org.testng.SuiteRunner.privateRun(SuiteRunner.java:415)
at org.testng.SuiteRunner.run(SuiteRunner.java:364)
at org.testng.SuiteRunnerWorker.runSuite(SuiteRunnerWorker.java:52)
at org.testng.SuiteRunnerWorker.run(SuiteRunnerWorker.java:84)
at org.testng.TestNG.runSuitesSequentially(TestNG.java:1208)
at org.testng.TestNG.runSuitesLocally(TestNG.java:1137)
at org.testng.TestNG.runSuites(TestNG.java:1049)
at org.testng.TestNG.run(TestNG.java:1017)
at org.testng.remote.AbstractRemoteTestNG.run(AbstractRemoteTestNG.java:114)
at org.testng.remote.RemoteTestNG.initAndRun(RemoteTestNG.java:251)
at org.testng.remote.RemoteTestNG.main(RemoteTestNG.java:77)
]]>
            </full-stacktrace>
          </exception> <!-- org.openqa.selenium.StaleElementReferenceException -->
          <reporter-output>
          </reporter-output>
        </test-method> <!-- LoginPage4 -->
        <test-method status="PASS" signature="LoginPage5()[pri:4, instance:tests.LoginTest@6767c1fc]" name="LoginPage5" duration-ms="1307" started-at="2018-08-03T18:44:30Z" finished-at="2018-08-03T18:44:31Z">
          <reporter-output>
          </reporter-output>
        </test-method> <!-- LoginPage5 -->
        <test-method status="PASS" signature="LoginPage6()[pri:5, instance:tests.LoginTest@6767c1fc]" name="LoginPage6" duration-ms="587" started-at="2018-08-03T18:44:31Z" finished-at="2018-08-03T18:44:31Z">
          <reporter-output>
          </reporter-output>
        </test-method> <!-- LoginPage6 -->
        <test-method status="PASS" signature="LoginPage7()[pri:6, instance:tests.LoginTest@6767c1fc]" name="LoginPage7" duration-ms="1685" started-at="2018-08-03T18:44:31Z" finished-at="2018-08-03T18:44:33Z">
          <reporter-output>
          </reporter-output>
        </test-method> <!-- LoginPage7 -->
        <test-method status="PASS" signature="LoginPage8()[pri:7, instance:tests.LoginTest@6767c1fc]" name="LoginPage8" duration-ms="1530" started-at="2018-08-03T18:44:33Z" finished-at="2018-08-03T18:44:35Z">
          <reporter-output>
          </reporter-output>
        </test-method> <!-- LoginPage8 -->
        <test-method status="PASS" signature="LoginPage9()[pri:8, instance:tests.LoginTest@6767c1fc]" name="LoginPage9" duration-ms="1496" started-at="2018-08-03T18:44:35Z" finished-at="2018-08-03T18:44:36Z">
          <reporter-output>
          </reporter-output>
        </test-method> <!-- LoginPage9 -->
        <test-method status="PASS" signature="LoginPage10()[pri:9, instance:tests.LoginTest@6767c1fc]" name="LoginPage10" duration-ms="862" started-at="2018-08-03T18:44:36Z" finished-at="2018-08-03T18:44:37Z">
          <reporter-output>
          </reporter-output>
        </test-method> <!-- LoginPage10 -->
        <test-method status="PASS" signature="LoginPage11()[pri:10, instance:tests.LoginTest@6767c1fc]" name="LoginPage11" duration-ms="1646" started-at="2018-08-03T18:44:37Z" finished-at="2018-08-03T18:44:39Z">
          <reporter-output>
          </reporter-output>
        </test-method> <!-- LoginPage11 -->
        <test-method status="PASS" signature="LoginPage12()[pri:11, instance:tests.LoginTest@6767c1fc]" name="LoginPage12" duration-ms="1386" started-at="2018-08-03T18:44:39Z" finished-at="2018-08-03T18:44:40Z">
          <reporter-output>
          </reporter-output>
        </test-method> <!-- LoginPage12 -->
        <test-method status="PASS" signature="LoginPage13()[pri:12, instance:tests.LoginTest@6767c1fc]" name="LoginPage13" duration-ms="746" started-at="2018-08-03T18:44:40Z" finished-at="2018-08-03T18:44:41Z">
          <reporter-output>
          </reporter-output>
        </test-method> <!-- LoginPage13 -->
        <test-method status="PASS" signature="LoginPage14()[pri:13, instance:tests.LoginTest@6767c1fc]" name="LoginPage14" duration-ms="1483" started-at="2018-08-03T18:44:41Z" finished-at="2018-08-03T18:44:42Z">
          <reporter-output>
          </reporter-output>
        </test-method> <!-- LoginPage14 -->
        <test-method status="PASS" signature="LoginPage15()[pri:14, instance:tests.LoginTest@6767c1fc]" name="LoginPage15" duration-ms="802" started-at="2018-08-03T18:44:42Z" finished-at="2018-08-03T18:44:43Z">
          <reporter-output>
          </reporter-output>
        </test-method> <!-- LoginPage15 -->
        <test-method status="PASS" signature="LoginPage16()[pri:15, instance:tests.LoginTest@6767c1fc]" name="LoginPage16" duration-ms="722" started-at="2018-08-03T18:44:43Z" finished-at="2018-08-03T18:44:44Z">
          <reporter-output>
          </reporter-output>
        </test-method> <!-- LoginPage16 -->
        <test-method status="PASS" signature="tearDown()[pri:0, instance:tests.LoginTest@6767c1fc]" name="tearDown" is-config="true" duration-ms="205" started-at="2018-08-03T18:44:44Z" finished-at="2018-08-03T18:44:44Z">
          <reporter-output>
          </reporter-output>
        </test-method> <!-- tearDown -->
      </class> <!-- tests.LoginTest -->
    </test> <!-- Default test -->
  </suite> <!-- Default suite -->
</testng-results>
